<?xml version="1.0" encoding="UTF-8"?>
<!-- Generated by org.testng.reporters.JUnitXMLReporter -->
<testsuite ignored="2" hostname="DESKTOP-A0FS3MO" failures="0" tests="2" name="Regression Test" time="11.452" errors="0" timestamp="2024-03-01T16:50:47 EET">
  <testcase classname="SessionOne.Assertion" name="hardAssertValidLoginTestCase" time="0.576"/>
  <testcase classname="SessionOne.Assertion" name="inValidLoginTestCaseUsingInvalidUsername" time="0.344"/>
  <testcase classname="SessionOne.Assertion" name="inValidLoginTestCase" time="0.0">
    <ignored/>
  </testcase> <!-- inValidLoginTestCase -->
  <testcase classname="SessionOne.Assertion" name="softAssertValidLoginTestCase" time="0.0">
    <ignored/>
  </testcase> <!-- softAssertValidLoginTestCase -->
</testsuite> <!-- Regression Test -->
