<?xml version="1.0" encoding="UTF-8"?>
<testng-results ignored="0" total="2" passed="2" failed="0" skipped="0">
  <reporter-output>
  </reporter-output>
  <suite started-at="2024-03-01T16:50:36 EET" name="Regression Suite" finished-at="2024-03-01T16:50:47 EET" duration-ms="11452">
    <groups>
      <group name="broken">
        <method signature="Assertion.hardAssertValidLoginTestCase()[pri:5, instance:SessionOne.Assertion@20ce78ec]" name="hardAssertValidLoginTestCase" class="SessionOne.Assertion"/>
      </group> <!-- broken -->
      <group name="regression">
        <method signature="Assertion.hardAssertValidLoginTestCase()[pri:5, instance:SessionOne.Assertion@20ce78ec]" name="hardAssertValidLoginTestCase" class="SessionOne.Assertion"/>
        <method signature="Assertion.inValidLoginTestCaseUsingInvalidUsername()[pri:7, instance:SessionOne.Assertion@20ce78ec]" name="inValidLoginTestCaseUsingInvalidUsername" class="SessionOne.Assertion"/>
      </group> <!-- regression -->
    </groups>
    <test started-at="2024-03-01T16:50:36 EET" name="Regression Test" finished-at="2024-03-01T16:50:47 EET" duration-ms="11452">
      <class name="SessionOne.Assertion">
        <test-method is-config="true" signature="setup()[pri:0, instance:SessionOne.Assertion@20ce78ec]" started-at="2024-03-01T16:50:36 EET" name="setup" finished-at="2024-03-01T16:50:42 EET" duration-ms="5912" status="PASS">
          <reporter-output>
          </reporter-output>
        </test-method> <!-- setup -->
        <test-method signature="hardAssertValidLoginTestCase()[pri:5, instance:SessionOne.Assertion@20ce78ec]" started-at="2024-03-01T16:50:42 EET" name="hardAssertValidLoginTestCase" finished-at="2024-03-01T16:50:42 EET" duration-ms="576" status="PASS">
          <reporter-output>
          </reporter-output>
        </test-method> <!-- hardAssertValidLoginTestCase -->
        <test-method is-config="true" signature="quit()[pri:0, instance:SessionOne.Assertion@20ce78ec]" started-at="2024-03-01T16:50:42 EET" name="quit" finished-at="2024-03-01T16:50:44 EET" duration-ms="1356" status="PASS">
          <reporter-output>
          </reporter-output>
        </test-method> <!-- quit -->
        <test-method is-config="true" signature="setup()[pri:0, instance:SessionOne.Assertion@20ce78ec]" started-at="2024-03-01T16:50:44 EET" name="setup" finished-at="2024-03-01T16:50:46 EET" duration-ms="1921" status="PASS">
          <reporter-output>
          </reporter-output>
        </test-method> <!-- setup -->
        <test-method signature="inValidLoginTestCaseUsingInvalidUsername()[pri:7, instance:SessionOne.Assertion@20ce78ec]" started-at="2024-03-01T16:50:46 EET" name="inValidLoginTestCaseUsingInvalidUsername" finished-at="2024-03-01T16:50:46 EET" duration-ms="344" status="PASS">
          <reporter-output>
          </reporter-output>
        </test-method> <!-- inValidLoginTestCaseUsingInvalidUsername -->
        <test-method is-config="true" signature="quit()[pri:0, instance:SessionOne.Assertion@20ce78ec]" started-at="2024-03-01T16:50:46 EET" name="quit" finished-at="2024-03-01T16:50:47 EET" duration-ms="1271" status="PASS">
          <reporter-output>
          </reporter-output>
        </test-method> <!-- quit -->
      </class> <!-- SessionOne.Assertion -->
    </test> <!-- Regression Test -->
  </suite> <!-- Regression Suite -->
</testng-results>
